# JRE version: Java(TM) SE Runtime Environment (8.0_131-b11) (build 1.8.0_131-b11)
# Java VM: Java HotSpot(TM) 64-Bit Server VM (25.131-b11 mixed mode linux-amd64 compressed oops)
Heap:
 PSYoungGen      total 361472K, used 96K [0x00000000e3000000, 0x00000000f9300000, 0x0000000100000000)
  eden space 359936K, 0% used [0x00000000e3000000,0x00000000e3000000,0x00000000f8f80000)
  from space 1536K, 6% used [0x00000000f8f80000,0x00000000f8f98000,0x00000000f9100000)
  to   space 1024K, 0% used [0x00000000f9100000,0x00000000f9100000,0x00000000f9200000)
 ParOldGen       total 60416K, used 692K [0x00000000a9000000, 0x00000000acb00000, 0x00000000e3000000)
  object space 60416K, 1% used [0x00000000a9000000,0x00000000a90ad0a0,0x00000000acb00000)
 Metaspace       used 4412K, capacity 4908K, committed 5248K, reserved 1056768K
  class space    used 499K, capacity 532K, committed 640K, reserved 1048576K
GC Heap History (10 events):
Event: 11,741 GC heap after
Heap after GC invocations=4 (full 0):
 PSYoungGen      total 93696K, used 752K [0x00000000e3000000, 0x00000000e8f00000, 0x0000000100000000)
  eden space 90112K, 0% used [0x00000000e3000000,0x00000000e3000000,0x00000000e8800000)
  from space 3584K, 20% used [0x00000000e8b80000,0x00000000e8c3c010,0x00000000e8f00000)
  to   space 3584K, 0% used [0x00000000e8800000,0x00000000e8800000,0x00000000e8b80000)
 ParOldGen       total 60416K, used 24K [0x00000000a9000000, 0x00000000acb00000, 0x00000000e3000000)
  object space 60416K, 0% used [0x00000000a9000000,0x00000000a9006000,0x00000000acb00000)
 Metaspace       used 4387K, capacity 4908K, committed 5248K, reserved 1056768K
  class space    used 498K, capacity 532K, committed 640K, reserved 1048576K
}
Event: 15,104 GC heap before
{Heap before GC invocations=5 (full 0):
 PSYoungGen      total 93696K, used 90864K [0x00000000e3000000, 0x00000000e8f00000, 0x0000000100000000)
  eden space 90112K, 100% used [0x00000000e3000000,0x00000000e8800000,0x00000000e8800000)
  from space 3584K, 20% used [0x00000000e8b80000,0x00000000e8c3c010,0x00000000e8f00000)
  to   space 3584K, 0% used [0x00000000e8800000,0x00000000e8800000,0x00000000e8b80000)
 ParOldGen       total 60416K, used 24K [0x00000000a9000000, 0x00000000acb00000, 0x00000000e3000000)
  object space 60416K, 0% used [0x00000000a9000000,0x00000000a9006000,0x00000000acb00000)
 Metaspace       used 4411K, capacity 4908K, committed 5248K, reserved 1056768K
  class space    used 499K, capacity 532K, committed 640K, reserved 1048576K
Event: 15,154 GC heap after
Heap after GC invocations=5 (full 0):
 PSYoungGen      total 93696K, used 768K [0x00000000e3000000, 0x00000000ee200000, 0x0000000100000000)
  eden space 90112K, 0% used [0x00000000e3000000,0x00000000e3000000,0x00000000e8800000)
  from space 3584K, 21% used [0x00000000e8800000,0x00000000e88c0020,0x00000000e8b80000)
  to   space 1024K, 0% used [0x00000000ee100000,0x00000000ee100000,0x00000000ee200000)
 ParOldGen       total 60416K, used 32K [0x00000000a9000000, 0x00000000acb00000, 0x00000000e3000000)
  object space 60416K, 0% used [0x00000000a9000000,0x00000000a9008000,0x00000000acb00000)
 Metaspace       used 4411K, capacity 4908K, committed 5248K, reserved 1056768K
  class space    used 499K, capacity 532K, committed 640K, reserved 1048576K
}
Event: 17,831 GC heap before
{Heap before GC invocations=6 (full 0):
 PSYoungGen      total 93696K, used 90880K [0x00000000e3000000, 0x00000000ee200000, 0x0000000100000000)
  eden space 90112K, 100% used [0x00000000e3000000,0x00000000e8800000,0x00000000e8800000)
  from space 3584K, 21% used [0x00000000e8800000,0x00000000e88c0020,0x00000000e8b80000)
  to   space 1024K, 0% used [0x00000000ee100000,0x00000000ee100000,0x00000000ee200000)
 ParOldGen       total 60416K, used 32K [0x00000000a9000000, 0x00000000acb00000, 0x00000000e3000000)
  object space 60416K, 0% used [0x00000000a9000000,0x00000000a9008000,0x00000000acb00000)
 Metaspace       used 4412K, capacity 4908K, committed 5248K, reserved 1056768K
  class space    used 499K, capacity 532K, committed 640K, reserved 1048576K
Event: 17,871 GC heap after
Heap after GC invocations=6 (full 0):
 PSYoungGen      total 181248K, used 768K [0x00000000e3000000, 0x00000000ee200000, 0x0000000100000000)
  eden space 180224K, 0% used [0x00000000e3000000,0x00000000e3000000,0x00000000ee000000)
  from space 1024K, 75% used [0x00000000ee100000,0x00000000ee1c0040,0x00000000ee200000)
  to   space 1024K, 0% used [0x00000000ee000000,0x00000000ee000000,0x00000000ee100000)
 ParOldGen       total 60416K, used 32K [0x00000000a9000000, 0x00000000acb00000, 0x00000000e3000000)
  object space 60416K, 0% used [0x00000000a9000000,0x00000000a9008000,0x00000000acb00000)
 Metaspace       used 4412K, capacity 4908K, committed 5248K, reserved 1056768K
  class space    used 499K, capacity 532K, committed 640K, reserved 1048576K
}
Event: 25,612 GC heap before
{Heap before GC invocations=7 (full 0):
 PSYoungGen      total 181248K, used 180992K [0x00000000e3000000, 0x00000000ee200000, 0x0000000100000000)
  eden space 180224K, 100% used [0x00000000e3000000,0x00000000ee000000,0x00000000ee000000)
  from space 1024K, 75% used [0x00000000ee100000,0x00000000ee1c0040,0x00000000ee200000)
  to   space 1024K, 0% used [0x00000000ee000000,0x00000000ee000000,0x00000000ee100000)
 ParOldGen       total 60416K, used 32K [0x00000000a9000000, 0x00000000acb00000, 0x00000000e3000000)
  object space 60416K, 0% used [0x00000000a9000000,0x00000000a9008000,0x00000000acb00000)
 Metaspace       used 4412K, capacity 4908K, committed 5248K, reserved 1056768K
  class space    used 499K, capacity 532K, committed 640K, reserved 1048576K
Event: 25,625 GC heap after
Heap after GC invocations=7 (full 0):
 PSYoungGen      total 181248K, used 128K [0x00000000e3000000, 0x00000000f9200000, 0x0000000100000000)
  eden space 180224K, 0% used [0x00000000e3000000,0x00000000e3000000,0x00000000ee000000)
  from space 1024K, 12% used [0x00000000ee000000,0x00000000ee020000,0x00000000ee100000)
  to   space 1024K, 0% used [0x00000000f9100000,0x00000000f9100000,0x00000000f9200000)
 ParOldGen       total 60416K, used 644K [0x00000000a9000000, 0x00000000acb00000, 0x00000000e3000000)
  object space 60416K, 1% used [0x00000000a9000000,0x00000000a90a10a0,0x00000000acb00000)
 Metaspace       used 4412K, capacity 4908K, committed 5248K, reserved 1056768K
  class space    used 499K, capacity 532K, committed 640K, reserved 1048576K
}
Event: 29,157 GC heap before
{Heap before GC invocations=8 (full 0):
 PSYoungGen      total 181248K, used 180352K [0x00000000e3000000, 0x00000000f9200000, 0x0000000100000000)
  eden space 180224K, 100% used [0x00000000e3000000,0x00000000ee000000,0x00000000ee000000)
  from space 1024K, 12% used [0x00000000ee000000,0x00000000ee020000,0x00000000ee100000)
  to   space 1024K, 0% used [0x00000000f9100000,0x00000000f9100000,0x00000000f9200000)
 ParOldGen       total 60416K, used 644K [0x00000000a9000000, 0x00000000acb00000, 0x00000000e3000000)
  object space 60416K, 1% used [0x00000000a9000000,0x00000000a90a10a0,0x00000000acb00000)
 Metaspace       used 4412K, capacity 4908K, committed 5248K, reserved 1056768K
  class space    used 499K, capacity 532K, committed 640K, reserved 1048576K
Event: 29,164 GC heap after
Heap after GC invocations=8 (full 0):
 PSYoungGen      total 360960K, used 128K [0x00000000e3000000, 0x00000000f9300000, 0x0000000100000000)
  eden space 359936K, 0% used [0x00000000e3000000,0x00000000e3000000,0x00000000f8f80000)
  from space 1024K, 12% used [0x00000000f9100000,0x00000000f9120000,0x00000000f9200000)
  to   space 1536K, 0% used [0x00000000f8f80000,0x00000000f8f80000,0x00000000f9100000)
 ParOldGen       total 60416K, used 652K [0x00000000a9000000, 0x00000000acb00000, 0x00000000e3000000)
  object space 60416K, 1% used [0x00000000a9000000,0x00000000a90a30a0,0x00000000acb00000)
 Metaspace       used 4412K, capacity 4908K, committed 5248K, reserved 1056768K
  class space    used 499K, capacity 532K, committed 640K, reserved 1048576K
}
Event: 39,772 GC heap before
{Heap before GC invocations=9 (full 0):
 PSYoungGen      total 360960K, used 360064K [0x00000000e3000000, 0x00000000f9300000, 0x0000000100000000)
  eden space 359936K, 100% used [0x00000000e3000000,0x00000000f8f80000,0x00000000f8f80000)
  from space 1024K, 12% used [0x00000000f9100000,0x00000000f9120000,0x00000000f9200000)
  to   space 1536K, 0% used [0x00000000f8f80000,0x00000000f8f80000,0x00000000f9100000)
 ParOldGen       total 60416K, used 652K [0x00000000a9000000, 0x00000000acb00000, 0x00000000e3000000)
  object space 60416K, 1% used [0x00000000a9000000,0x00000000a90a30a0,0x00000000acb00000)
 Metaspace       used 4412K, capacity 4908K, committed 5248K, reserved 1056768K
  class space    used 499K, capacity 532K, committed 640K, reserved 1048576K

